{"/Users/chaudinh/Desktop/development/projects/real-world/packages/backend/mixins/knexdb.mixin.js": {"path":"/Users/chaudinh/Desktop/development/projects/real-world/packages/backend/mixins/knexdb.mixin.js","statementMap":{"0":{"start":{"line":1,"column":24},"end":{"line":1,"column":52}},"1":{"start":{"line":2,"column":26},"end":{"line":2,"column":53}},"2":{"start":{"line":4,"column":0},"end":{"line":24,"column":2}},"3":{"start":{"line":5,"column":37},"end":{"line":8,"column":3}},"4":{"start":{"line":10,"column":2},"end":{"line":12,"column":3}},"5":{"start":{"line":11,"column":4},"end":{"line":11,"column":67}},"6":{"start":{"line":14,"column":18},"end":{"line":14,"column":33}},"7":{"start":{"line":16,"column":2},"end":{"line":23,"column":5}}},"fnMap":{"0":{"name":"(anonymous_0)","decl":{"start":{"line":4,"column":18},"end":{"line":4,"column":19}},"loc":{"start":{"line":4,"column":31},"end":{"line":24,"column":1}},"line":4}},"branchMap":{"0":{"loc":{"start":{"line":5,"column":37},"end":{"line":8,"column":3}},"type":"binary-expr","locations":[{"start":{"line":5,"column":37},"end":{"line":5,"column":44}},{"start":{"line":5,"column":48},"end":{"line":8,"column":3}}],"line":5},"1":{"loc":{"start":{"line":10,"column":2},"end":{"line":12,"column":3}},"type":"if","locations":[{"start":{"line":10,"column":2},"end":{"line":12,"column":3}},{"start":{"line":10,"column":2},"end":{"line":12,"column":3}}],"line":10}},"s":{"0":1,"1":1,"2":1,"3":2,"4":2,"5":1,"6":1,"7":1},"f":{"0":2},"b":{"0":[2,0],"1":[1,1]},"_coverageSchema":"1a1c01bbd47fc00a2c39e90264f33305004495a9","hash":"a35945be833cac15bda6aadfa92c028773e9765d"}
,"/Users/chaudinh/Desktop/development/projects/real-world/packages/backend/utils/db.util.js": {"path":"/Users/chaudinh/Desktop/development/projects/real-world/packages/backend/utils/db.util.js","statementMap":{"0":{"start":{"line":1,"column":24},"end":{"line":17,"column":1}},"1":{"start":{"line":8,"column":6},"end":{"line":8,"column":17}},"2":{"start":{"line":10,"column":2},"end":{"line":16,"column":4}},"3":{"start":{"line":19,"column":0},"end":{"line":31,"column":2}},"4":{"start":{"line":20,"column":21},"end":{"line":20,"column":38}},"5":{"start":{"line":21,"column":61},"end":{"line":21,"column":72}},"6":{"start":{"line":22,"column":2},"end":{"line":22,"column":40}},"7":{"start":{"line":23,"column":2},"end":{"line":30,"column":4}}},"fnMap":{"0":{"name":"(anonymous_0)","decl":{"start":{"line":1,"column":24},"end":{"line":1,"column":25}},"loc":{"start":{"line":1,"column":30},"end":{"line":17,"column":1}},"line":1},"1":{"name":"(anonymous_1)","decl":{"start":{"line":19,"column":24},"end":{"line":19,"column":25}},"loc":{"start":{"line":19,"column":30},"end":{"line":31,"column":1}},"line":19}},"branchMap":{},"s":{"0":2,"1":2,"2":2,"3":2,"4":2,"5":2,"6":2,"7":2},"f":{"0":2,"1":2},"b":{},"_coverageSchema":"1a1c01bbd47fc00a2c39e90264f33305004495a9","hash":"6487230cacddf6cc8f9c679f0e19c355a0707ebd"}
}
